2021-05-22 17:18:35,154:INFO:Initializing load_model()
2021-05-22 17:18:35,154:INFO:load_model(model_name=../data/model/model, platform=None, authentication=None, verbose=True)
2021-05-22 17:18:38,936:INFO:Initializing load_model()
2021-05-22 17:18:38,937:INFO:load_model(model_name=../data/model/model, platform=None, authentication=None, verbose=True)
2021-05-22 17:18:49,466:INFO:Initializing predict_model()
2021-05-22 17:18:49,466:INFO:predict_model(estimator=Pipeline(steps=[('dtypes',
                 DataTypes_Auto_infer(categorical_features=['host_response_time',
                                                            'host_is_superhost',
                                                            'room_type',
                                                            'instant_bookable',
                                                            'half_bath',
                                                            'regiao',
                                                            'property_type_refactor',
                                                            'is_host_rj'],
                                      display_types=False,
                                      ml_usecase='regression',
                                      numerical_features=['accommodates',
                                                          'bathrooms',
                                                          'bedrooms', 'beds',
                                                          'minimum_nights',
                                                          'maximum_nights',
                                                          'numbe...
                ('feature_select', 'passthrough'), ('fix_multi', 'passthrough'),
                ('dfs', 'passthrough'), ('pca', 'passthrough'),
                ['trained_model',
                 BaggingRegressor(base_estimator=LGBMRegressor(bagging_fraction=0.8,
                                                               bagging_freq=6,
                                                               feature_fraction=0.6,
                                                               learning_rate=0.005,
                                                               min_child_samples=1,
                                                               min_split_gain=0.9,
                                                               n_estimators=190,
                                                               num_leaves=50,
                                                               random_state=16,
                                                               reg_alpha=0.15,
                                                               reg_lambda=1e-06),
                                  random_state=16)]]), probability_threshold=None, encoded_labels=True, raw_score=False, round=4, verbose=True, ml_usecase=MLUsecase.REGRESSION, display=None)
2021-05-22 17:18:49,466:INFO:Checking exceptions
2021-05-22 17:18:49,466:INFO:Preloading libraries
